<?xml version="1.0" encoding="UTF-8"?>
<!-- Generated by org.testng.reporters.JUnitXMLReporter -->
<testsuite ignored="0" hostname="DESKTOP-HS9EPSU" failures="0" tests="5" name="test2" time="282.039" errors="0" timestamp="2023-12-08T09:33:35 IST">
  <testcase classname="testCases.Tc_001_Valid_signuppage" name="signuptest" time="25.581"/>
  <testcase classname="testCases.Tc_002_validloginpage" name="logintest" time="22.433"/>
  <testcase classname="testCases.Tc_003_invalid_signuppage" name="Invalid_signuppage" time="26.96"/>
  <testcase classname="testCases.Tc_004_invalidloginpage_emailid" name="Invalidloginpage" time="33.057"/>
  <testcase classname="testCases.Tc_005_valid_allmenu_titlepage" name="validationofmenu" time="114.412"/>
</testsuite> <!-- test2 -->
