<?xml version="1.0" encoding="UTF-8"?>
<!-- Generated by org.testng.reporters.JUnitXMLReporter -->
<testsuite ignored="0" hostname="DESKTOP-HS9EPSU" failures="1" tests="1" name="Test1" time="51.691" errors="0" timestamp="2023-12-07T11:33:15 IST">
  <testcase classname="testCases.Tc_006_valid_bottomlinkpage" name="verfifybottomlink" time="36.122">
    <failure type="java.lang.AssertionError" message="expected [State Privacy Rights - ] but found [State Privacy Rights - Best Buy]">
      <![CDATA[java.lang.AssertionError: expected [State Privacy Rights - ] but found [State Privacy Rights - Best Buy]
at bestbuy_utlility.BestBuy_Utililty.Assert(BestBuy_Utililty.java:78)
at bestbuy_pages.Bestbuy_valdiate_bottom_page.Assertofbootomlink(Bestbuy_valdiate_bottom_page.java:25)
at testCases.Tc_006_valid_bottomlinkpage.verfifybottomlink(Tc_006_valid_bottomlinkpage.java:19)
at java.base/java.util.ArrayList.forEach(ArrayList.java:1511)
... Removed 33 stack frames]]>
    </failure>
  </testcase> <!-- verfifybottomlink -->
</testsuite> <!-- Test1 -->
